<html>
<body>
<pre>
<h1>µVision Build Log</h1>
<h2>Tool Versions:</h2>
IDE-Version: ¶ÃVision V5.27.1.0
Copyright (C) 2019 ARM Ltd and ARM Germany GmbH. All rights reserved.
License Information: 111 1239625475@qq.com, 111, LIC=9WSKC-7HRPZ-63WMB-2BISP-SH4E2-QL8L2
 
Tool Versions:
Toolchain:       MDK-ARM Plus  Version: 5.27.1.0
Toolchain Path:  D:\keil\ARM\ARMCC\Bin
C Compiler:      Armcc.exe V5.06 update 6 (build 750)
Assembler:       Armasm.exe V5.06 update 6 (build 750)
Linker/Locator:  ArmLink.exe V5.06 update 6 (build 750)
Library Manager: ArmAr.exe V5.06 update 6 (build 750)
Hex Converter:   FromElf.exe V5.06 update 6 (build 750)
CPU DLL:         SARMCM3.DLL V5.27.1.0
Dialog DLL:      DARMSTM.DLL V1.68.0.0
Target DLL:      STLink\ST-LINKIII-KEIL_SWO.dll V3.0.6.0
Dialog DLL:      TARMSTM.DLL V1.66.0.0
 
<h2>Project:</h2>
C:\Users\12396\Desktop\—ßœ∞\«∂»Î Ω\os\USER\Template.uvprojx
Project File Date:  09/08/2024

<h2>Output:</h2>
*** Using Compiler 'V5.06 update 6 (build 750)', folder: 'D:\keil\ARM\ARMCC\Bin'
Build target 'Template'
compiling irq.c...
..\..\os\kyconfig.h(11): warning:  #1-D: last line of file ends without a newline
  #endif
..\ky-thread\include\thread.h(51): warning:  #1295-D: Deprecated declaration ky_system_timer_init - give arg types
  void ky_system_timer_init();									 
..\ky-thread\src\irq.c(25): warning:  #1-D: last line of file ends without a newline
  } 
..\ky-thread\src\irq.c: 3 warnings, 0 errors
compiling timer.c...
..\..\os\kyconfig.h(11): warning:  #1-D: last line of file ends without a newline
  #endif
..\ky-thread\include\thread.h(51): warning:  #1295-D: Deprecated declaration ky_system_timer_init - give arg types
  void ky_system_timer_init();									 
..\ky-thread\src\timer.c(114): warning:  #550-D: variable "tst_nr"  was set but never used
  		unsigned int tst_nr;
..\ky-thread\src\timer.c: 3 warnings, 0 errors
compiling scheduler.c...
..\..\os\kyconfig.h(11): warning:  #1-D: last line of file ends without a newline
  #endif
..\ky-thread\include\thread.h(51): warning:  #1295-D: Deprecated declaration ky_system_timer_init - give arg types
  void ky_system_timer_init();									 
..\ky-thread\src\scheduler.c(204): warning:  #1-D: last line of file ends without a newline
  }
..\ky-thread\src\scheduler.c: 3 warnings, 0 errors
compiling idle.c...
..\..\os\kyconfig.h(11): warning:  #1-D: last line of file ends without a newline
  #endif
..\ky-thread\include\thread.h(51): warning:  #1295-D: Deprecated declaration ky_system_timer_init - give arg types
  void ky_system_timer_init();									 
..\ky-thread\src\idle.c(31): error:  #165: too few arguments in function call
  									 KY_THREAD_PRIORITY_MAX-1);
..\ky-thread\src\idle.c(34): warning:  #1-D: last line of file ends without a newline
  }
..\ky-thread\src\idle.c: 3 warnings, 1 error
compiling kservice.c...
..\..\os\kyconfig.h(11): warning:  #1-D: last line of file ends without a newline
  #endif
..\ky-thread\include\thread.h(51): warning:  #1295-D: Deprecated declaration ky_system_timer_init - give arg types
  void ky_system_timer_init();									 
..\ky-thread\src\kservice.c(34): warning:  #1-D: last line of file ends without a newline
  }
..\ky-thread\src\kservice.c: 3 warnings, 0 errors
compiling hw_settings.c...
..\..\os\kyconfig.h(11): warning:  #1-D: last line of file ends without a newline
  #endif
..\ky-thread\include\thread.h(51): warning:  #1295-D: Deprecated declaration ky_system_timer_init - give arg types
  void ky_system_timer_init();									 
..\ky-thread\libcpu\hw_settings.c(68): warning:  #1-D: last line of file ends without a newline
  }
..\ky-thread\libcpu\hw_settings.c: 3 warnings, 0 errors
compiling clock.c...
..\..\os\kyconfig.h(11): warning:  #1-D: last line of file ends without a newline
  #endif
..\ky-thread\include\thread.h(51): warning:  #1295-D: Deprecated declaration ky_system_timer_init - give arg types
  void ky_system_timer_init();									 
..\ky-thread\src\clock.c(58): warning:  #1-D: last line of file ends without a newline
  }
..\ky-thread\src\clock.c: 3 warnings, 0 errors
compiling object.c...
..\..\os\kyconfig.h(11): warning:  #1-D: last line of file ends without a newline
  #endif
..\ky-thread\include\thread.h(51): warning:  #1295-D: Deprecated declaration ky_system_timer_init - give arg types
  void ky_system_timer_init();									 
..\ky-thread\src\object.c: 2 warnings, 0 errors
compiling thread.c...
..\..\os\kyconfig.h(11): warning:  #1-D: last line of file ends without a newline
  #endif
..\ky-thread\include\thread.h(51): warning:  #1295-D: Deprecated declaration ky_system_timer_init - give arg types
  void ky_system_timer_init();									 
..\ky-thread\src\thread.c(105): warning:  #940-D: missing return statement at end of non-void function "ky_thread_sleep" 
  }
..\ky-thread\src\thread.c(196): warning:  #1-D: last line of file ends without a newline
  }
..\ky-thread\src\thread.c: 4 warnings, 0 errors
compiling main.c...
..\..\os\kyconfig.h(11): warning:  #1-D: last line of file ends without a newline
  #endif
..\ky-thread\include\thread.h(51): warning:  #1295-D: Deprecated declaration ky_system_timer_init - give arg types
  void ky_system_timer_init();									 
main.c(79): warning:  #167-D: argument of type "void (*)()" is incompatible with parameter of type "void (*)(void *)"
  									test1_thread_entry,
main.c(83): error:  #165: too few arguments in function call
main.c(88): warning:  #167-D: argument of type "void (*)()" is incompatible with parameter of type "void (*)(void *)"
  									test2_thread_entry,
main.c(92): error:  #165: too few arguments in function call
main.c(97): warning:  #167-D: argument of type "void (*)()" is incompatible with parameter of type "void (*)(void *)"
  									test3_thread_entry,
main.c(101): error:  #165: too few arguments in function call
main.c: 5 warnings, 3 errors
"..\OBJ\Template.axf" - 4 Error(s), 32 Warning(s).

<h2>Software Packages used:</h2>

Package Vendor: Keil
                http://www.keil.com/pack/Keil.STM32F1xx_DFP.1.0.5.pack
                Keil.STM32F1xx_DFP.1.0.5
                STMicroelectronics STM32F1 Series Device Support, Drivers and Examples

<h2>Collection of Component include folders:</h2>
  .\RTE\_Template
  D:\keil\Keil\STM32F1xx_DFP\1.0.5\Device\Include

<h2>Collection of Component Files used:</h2>
Target not created.
Build Time Elapsed:  00:00:01
</pre>
</body>
</html>
